Started GET "/" for ::1 at 2021-08-30 15:19:46 +0100
  [1m[35m (3.2ms)[0m  [1m[34mSELECT sqlite_version(*)[0m
Processing by Rails::WelcomeController#index as HTML
  Rendering /Users/karimabu-seer/.rvm/gems/ruby-3.0.0/gems/railties-6.1.4.1/lib/rails/templates/rails/welcome/index.html.erb
  Rendered /Users/karimabu-seer/.rvm/gems/ruby-3.0.0/gems/railties-6.1.4.1/lib/rails/templates/rails/welcome/index.html.erb (Duration: 30.0ms | Allocations: 522)
Completed 200 OK in 62ms (Views: 40.5ms | ActiveRecord: 0.0ms | Allocations: 4215)


Started GET "/" for ::1 at 2021-08-30 15:25:56 +0100
Processing by Rails::WelcomeController#index as HTML
  Rendering /Users/karimabu-seer/.rvm/gems/ruby-3.0.0/gems/railties-6.1.4.1/lib/rails/templates/rails/welcome/index.html.erb
  Rendered /Users/karimabu-seer/.rvm/gems/ruby-3.0.0/gems/railties-6.1.4.1/lib/rails/templates/rails/welcome/index.html.erb (Duration: 10.1ms | Allocations: 222)
Completed 200 OK in 17ms (Views: 11.9ms | Allocations: 948)


Started GET "/" for ::1 at 2021-08-30 15:26:20 +0100
  [1m[35m (1.3ms)[0m  [1m[34mSELECT sqlite_version(*)[0m
Processing by Rails::WelcomeController#index as HTML
  Rendering /Users/karimabu-seer/.rvm/gems/ruby-3.0.0/gems/railties-6.1.4.1/lib/rails/templates/rails/welcome/index.html.erb
  Rendered /Users/karimabu-seer/.rvm/gems/ruby-3.0.0/gems/railties-6.1.4.1/lib/rails/templates/rails/welcome/index.html.erb (Duration: 9.8ms | Allocations: 415)
Completed 200 OK in 26ms (Views: 13.5ms | ActiveRecord: 0.0ms | Allocations: 3103)


Started GET "/" for ::1 at 2021-08-30 15:27:08 +0100
Processing by HomeController#index as HTML
  Rendering layout layouts/application.html.erb
  Rendering home/index.html.erb within layouts/application
  Rendered home/index.html.erb within layouts/application (Duration: 0.9ms | Allocations: 113)
[Webpacker] Compiling...
[Webpacker] Compiled all packs in /Users/karimabu-seer/Documents/Makers/Fulltime/WEEK9/instagram-challenge/public/packs
[Webpacker] Hash: e2f281de3ea1fdc4fa5a
Version: webpack 4.46.0
Time: 2673ms
Built at: 30/08/2021 15:27:15
                                     Asset       Size       Chunks                         Chunk Names
    js/application-be412d64645010827f4e.js    125 KiB  application  [emitted] [immutable]  application
js/application-be412d64645010827f4e.js.map    139 KiB  application  [emitted] [dev]        application
                             manifest.json  364 bytes               [emitted]              
Entrypoint application = js/application-be412d64645010827f4e.js js/application-be412d64645010827f4e.js.map
[./app/javascript/channels sync recursive _channel\.js$] ./app/javascript/channels sync _channel\.js$ 160 bytes {application} [built]
[./app/javascript/channels/index.js] 211 bytes {application} [built]
[./app/javascript/packs/application.js] 492 bytes {application} [built]
[./node_modules/webpack/buildin/module.js] (webpack)/buildin/module.js 552 bytes {application} [built]
    + 3 hidden modules

  Rendered layout layouts/application.html.erb (Duration: 6645.2ms | Allocations: 14684)
Completed 200 OK in 6651ms (Views: 6648.9ms | Allocations: 16012)


